0 info it worked if it ends with ok
1 verbose cli [ 'C:\\Program Files\\nodejs\\node.exe',
1 verbose cli   'C:\\Program Files\\nodejs\\node_modules\\npm\\bin\\npm-cli.js',
1 verbose cli   'run',
1 verbose cli   'start' ]
2 info using npm@3.9.5
3 info using node@v6.2.2
4 verbose run-script [ 'prestart', 'start', 'poststart' ]
5 info lifecycle hichat@0.4.0~prestart: hichat@0.4.0
6 silly lifecycle hichat@0.4.0~prestart: no script for prestart, continuing
7 info lifecycle hichat@0.4.0~start: hichat@0.4.0
8 verbose lifecycle hichat@0.4.0~start: unsafe-perm in lifecycle true
9 verbose lifecycle hichat@0.4.0~start: PATH: D:\dev\nvm\v4.3.1\node_modules\npm\bin\node-gyp-bin;E:\HiChat\WeChat\node_modules\.bin;C:\Program Files\nodejs;%JAVA_HOME\bin;C:\ProgramData\Oracle\Java\javapath;C:\windows\system32;C:\windows;C:\windows\System32\Wbem;C:\windows\System32\WindowsPowerShell\v1.0\;C:\Program Files\TortoiseSVN\bin;C:\Program Files\VisualSVN Server\bin;D:\dev\nvm;C:\Program Files\nodejs;C:\Program Files\nodejs\;C:\Program Files\Git\cmd;D:\android\tools;D:\android\platform-tools;D:\dev\nvm;D:\dev\nodejs;C:\Users\Administrator\AppData\Roaming\npm;C:\Users\Administrator\AppData\Local\Android\Sdk\tools;C:\Users\Administrator\AppData\Local\Android\Sdk\platform-tools
10 verbose lifecycle hichat@0.4.0~start: CWD: E:\HiChat\WeChat
11 silly lifecycle hichat@0.4.0~start: Args: [ '/d /s /c', 'npm run build && node dist/server.js' ]
12 silly lifecycle hichat@0.4.0~start: Returned: code: 1  signal: null
13 info lifecycle hichat@0.4.0~start: Failed to exec start script
14 verbose stack Error: hichat@0.4.0 start: `npm run build && node dist/server.js`
14 verbose stack Exit status 1
14 verbose stack     at EventEmitter.<anonymous> (D:\dev\nvm\v4.3.1\node_modules\npm\lib\utils\lifecycle.js:245:16)
14 verbose stack     at emitTwo (events.js:106:13)
14 verbose stack     at EventEmitter.emit (events.js:191:7)
14 verbose stack     at ChildProcess.<anonymous> (D:\dev\nvm\v4.3.1\node_modules\npm\lib\utils\spawn.js:24:14)
14 verbose stack     at emitTwo (events.js:106:13)
14 verbose stack     at ChildProcess.emit (events.js:191:7)
14 verbose stack     at maybeClose (internal/child_process.js:852:16)
14 verbose stack     at Process.ChildProcess._handle.onexit (internal/child_process.js:215:5)
15 verbose pkgid hichat@0.4.0
16 verbose cwd E:\HiChat\WeChat
17 error Windows_NT 10.0.10240
18 error argv "C:\\Program Files\\nodejs\\node.exe" "C:\\Program Files\\nodejs\\node_modules\\npm\\bin\\npm-cli.js" "run" "start"
19 error node v6.2.2
20 error npm  v3.9.5
21 error code ELIFECYCLE
22 error hichat@0.4.0 start: `npm run build && node dist/server.js`
22 error Exit status 1
23 error Failed at the hichat@0.4.0 start script 'npm run build && node dist/server.js'.
23 error Make sure you have the latest version of node.js and npm installed.
23 error If you do, this is most likely a problem with the hichat package,
23 error not with npm itself.
23 error Tell the author that this fails on your system:
23 error     npm run build && node dist/server.js
23 error You can get information on how to open an issue for this project with:
23 error     npm bugs hichat
23 error Or if that isn't available, you can get their info via:
23 error     npm owner ls hichat
23 error There is likely additional logging output above.
24 verbose exit [ 1, true ]
